
# API Analysis and Improvement Recommendations

Based on the test results showing all 29 tests passing, I'll identify areas for improvement in the API design, focusing on robustness, performance, and maintainability.

## Key Weaknesses and Inefficiencies

### 1. Data Storage Limitations
- **Issue**: In-memory dictionary (`tasks_db`) means data is lost on server restart
- **Impact**: Not suitable for production, no persistence, no scalability

### 2. Lack of Pagination
- **Issue**: List endpoint returns all tasks without pagination
- **Impact**: Performance degradation as task count grows

### 3. Inconsistent Update Operations
- **Issue**: Uses PUT for partial updates when PATCH would be more appropriate
- **Impact**: Violates REST principles, requires sending all fields even when updating only some

### 4. Limited Error Handling
- **Issue**: Only handles 404 errors, lacks comprehensive error responses
- **Impact**: Poor developer experience, difficult debugging

### 5. No Authentication/Authorization
- **Issue**: No security mechanisms
- **Impact**: API is open to abuse, no access control

### 6. No Rate Limiting
- **Issue**: No protection against abuse
- **Impact**: Vulnerable to denial-of-service attacks

## Actionable Improvements

### 1. Implement Pagination for List Endpoint

```python
from fastapi import Query

@app.get("/tasks", response_model=List[Task])
def list_tasks(
    status: Optional[StatusOfTask] = Query(None),
    priority: Optional[TaskPriority] = Query(None),
    skip: int = Query(0, ge=0, description="Number of records to skip"),
    limit: int = Query(10, ge=1, le=100, description="Maximum number of records to return")
):
    results = list(tasks_db.values())
    if status is not None:
        results = [t for t in results if t.status == status]
    if priority is not None:
        results = [t for t in results if t.priority == priority]
    
    # Apply pagination
    return results[skip : skip + limit]
```

### 2. Standardize Update Operations to Use PATCH

```python
@app.patch("/tasks/{task_id}", response_model=Task)
def update_task(task_id: UUID, updated_task: TaskUpdate):
    if task_id not in tasks_db:
        raise HTTPException(status_code=404, detail='Task not found')

    task = tasks_db[task_id]
    update_data = updated_task.model_dump(exclude_unset=True)

    for field, value in update_data.items():
        setattr(task, field, value)

    return task
```

### 3. Add Comprehensive Error Handling

```python
from fastapi.exceptions import RequestValidationError
from fastapi.responses import JSONResponse

@app.exception_handler(RequestValidationError)
async def validation_exception_handler(request, exc):
    return JSONResponse(
        status_code=422,
        content={"detail": "Validation error", "errors": exc.errors()},
    )

@app.exception_handler(HTTPException)
async def http_exception_handler(request, exc):
    return JSONResponse(
        status_code=exc.status_code,
        content={"detail": exc.detail},
    )
```

### 4. Add Business Logic Validation

```python
class TaskUpdate(BaseModel):
    # ... existing fields ...

    @validator('status')
    def validate_status_transition(cls, v, values):
        # This would require fetching the current task first
        # For demonstration, we'll assume we have access to current status
        if 'status' in values and values.get('status') == StatusOfTask.PENDING:
            # Add any business logic validation here
            pass
        return v

# In update endpoint:
def update_task(task_id: UUID, updated_task: TaskUpdate):
    # ... existing code ...
    
    # Add status transition validation
    if 'status' in update_data:
        current_status = task.status
        new_status = update_data['status']
        
        # Example: Prevent transitioning from COMPLETED to PENDING
        if current_status == StatusOfTask.COMPLETED and new_status == StatusOfTask.PENDING:
            raise HTTPException(
                status_code=400,
                detail="Cannot transition from COMPLETED to PENDING"
            )
    
    # ... rest of the code ...
```

### 5. Implement Basic Authentication

```python
from fastapi import Depends, HTTPException, status
from fastapi.security import HTTPBearer, HTTPAuthorizationCredentials

security = HTTPBearer()

def get_current_user(credentials: HTTPAuthorizationCredentials = Depends(security)) -> str:
    # In a real implementation, validate the token
    try:
        token = credentials.credentials
        if token != "valid-token":  # Replace with actual token validation
            raise HTTPException(
                status_code=status.HTTP_401_UNAUTHORIZED,
                detail="Invalid authentication credentials",
                headers={"WWW-Authenticate": "Bearer"},
            )
        return "user-id"  # Return actual user ID
    except Exception:
        raise HTTPException(
            status_code=status.HTTP_401_UNAUTHORIZED,
            detail="Invalid authentication credentials",
            headers={"WWW-Authenticate": "Bearer"},
        )

@app.post("/tasks", response_model=Task)
def create_task(
    task: TaskCreate,
    current_user: str = Depends(get_current_user)
):
    # ... existing code ...
```

### 6. Add Rate Limiting

```python
from fastapi import Request
from fastapi.middleware import Middleware
from fastapi.middleware.base import BaseHTTPMiddleware
import time
from collections import defaultdict

class RateLimitMiddleware(BaseHTTPMiddleware):
    def __init__(self, app, requests_per_minute: int = 60):
        super().__init__(app)
        self.requests_per_minute = requests_per_minute
        self.requests = defaultdict(list)

    async def dispatch(self, request: Request, call_next):
        client_ip = request.client.host
        current_time = time.time()
        
        # Remove old requests
        self.requests[client_ip] = [
            req_time for req_time in self.requests[client_ip]
            if current_time - req_time < 60
        ]
        
        # Check if rate limit exceeded
        if len(self.requests[client_ip]) >= self.requests_per_minute:
            return JSONResponse(
                status_code=429,
                content={"detail": "Too many requests"},
                headers={"Retry-After": "60"},
            )
        
        # Add current request
        self.requests[client_ip].append(current_time)
        
        response = await call_next(request)
        return response

# Add the middleware to the app
app.add_middleware(RateLimitMiddleware, requests_per_minute=60)
```

### 7. Add Database Integration (Example with SQLAlchemy)

```python
from sqlalchemy import create_engine, Column, String, Integer, DateTime, Enum
from sqlalchemy.ext.declarative import declarative_base
from sqlalchemy.orm import sessionmaker
from datetime import datetime

# Database configuration
DATABASE_URL = "postgresql://user:password@localhost/taskdb"
engine = create_engine(DATABASE_URL)
SessionLocal = sessionmaker(autocommit=False, autoflush=False, bind=engine)
Base = declarative_base()

# Database model
class TaskDB(Base):
    __tablename__ = "tasks"
    
    id = Column(String, primary_key=True, index=True)
    title = Column(String, index=True)
    description = Column(String)
    priority = Column(Enum(TaskPriority))
    status = Column(Enum(StatusOfTask), default=StatusOfTask.PENDING)
    due_date = Column(DateTime)
    created_at = Column(DateTime, default=datetime.utcnow)
    updated_at = Column(DateTime, default=datetime.utcnow, onupdate=datetime.utcnow)

# Dependency to get DB session
def get_db():
    db = SessionLocal()
    try:
        yield db
    finally:
        db.close()

# Update the create_task endpoint to use the database
@app.post("/tasks", response_model=Task)
def create_task(task: TaskCreate, db: Session = Depends(get_db)):
    task_id = str(uuid4())
    db_task = TaskDB(
        id=task_id,
        title=task.title,
        description=task.description,
        priority=task.priority,
        status=task.status,
        due_date=task.due_date
    )
    db.add(db_task)
    db.commit()
    db.refresh(db_task)
    
    return Task(
        task_id=UUID(db_task.id),
        title=db_task.title,
        description=db_task.description,
        priority=db_task.priority,
        status=db_task.status,
        due_date=db_task.due_date
    )
```

## Summary of Recommendations

1. **Replace in-memory storage** with a persistent database solution
2. **Implement pagination** for the list endpoint to handle large datasets
3. **Change update endpoint** from PUT to PATCH for partial updates
4. **Add comprehensive error handling** with consistent error responses
5. **Implement authentication and authorization** to secure the API
6. **Add rate limiting** to prevent abuse
7. **Add business logic validation** for status transitions and other rules
8. **Implement proper logging** for debugging and monitoring
9. **Add input sanitization** to prevent injection attacks
10. **Consider API versioning** to allow for future changes without breaking clients

These improvements will make the API more robust, secure, and scalable for production use while maintaining the current functionality that's passing all tests.